   1               		.file	"mathkeeb.c"
   2               	__SP_H__ = 0x3e
   3               	__SP_L__ = 0x3d
   4               	__SREG__ = 0x3f
   5               	__tmp_reg__ = 0
   6               	__zero_reg__ = 1
   7               		.text
   8               	.Ltext0:
   9               		.cfi_sections	.debug_frame
  10               	.Letext0:
  11               		.file 1 "c:\\users\\james\\mhv_avr\\avr\\include\\stdint.h"
  12               		.file 2 "./tmk_core/protocol/lufa/LUFA-git/LUFA/Drivers/USB/Core/USBTask.h"
DEFINED SYMBOLS
                            *ABS*:00000000 mathkeeb.c
C:\Users\James\AppData\Local\Temp\ccbppSnN.s:2      *ABS*:0000003e __SP_H__
C:\Users\James\AppData\Local\Temp\ccbppSnN.s:3      *ABS*:0000003d __SP_L__
C:\Users\James\AppData\Local\Temp\ccbppSnN.s:4      *ABS*:0000003f __SREG__
C:\Users\James\AppData\Local\Temp\ccbppSnN.s:5      *ABS*:00000000 __tmp_reg__
C:\Users\James\AppData\Local\Temp\ccbppSnN.s:6      *ABS*:00000001 __zero_reg__

NO UNDEFINED SYMBOLS
