   1               		.file	"action_macro.c"
   2               	__SP_H__ = 0x3e
   3               	__SP_L__ = 0x3d
   4               	__SREG__ = 0x3f
   5               	__tmp_reg__ = 0
   6               	__zero_reg__ = 1
   7               		.text
   8               	.Ltext0:
   9               		.cfi_sections	.debug_frame
  10               		.section	.text.action_macro_play,"ax",@progbits
  11               	.global	action_macro_play
  13               	action_macro_play:
  14               	.LFB103:
  15               		.file 1 "./tmk_core/common/action_macro.c"
   1:./tmk_core/common/action_macro.c **** /*
   2:./tmk_core/common/action_macro.c **** Copyright 2013 Jun Wako <wakojun@gmail.com>
   3:./tmk_core/common/action_macro.c **** 
   4:./tmk_core/common/action_macro.c **** This program is free software: you can redistribute it and/or modify
   5:./tmk_core/common/action_macro.c **** it under the terms of the GNU General Public License as published by
   6:./tmk_core/common/action_macro.c **** the Free Software Foundation, either version 2 of the License, or
   7:./tmk_core/common/action_macro.c **** (at your option) any later version.
   8:./tmk_core/common/action_macro.c **** 
   9:./tmk_core/common/action_macro.c **** This program is distributed in the hope that it will be useful,
  10:./tmk_core/common/action_macro.c **** but WITHOUT ANY WARRANTY; without even the implied warranty of
  11:./tmk_core/common/action_macro.c **** MERCHANTABILITY or FITNESS FOR A PARTICULAR PURPOSE.  See the
  12:./tmk_core/common/action_macro.c **** GNU General Public License for more details.
  13:./tmk_core/common/action_macro.c **** 
  14:./tmk_core/common/action_macro.c **** You should have received a copy of the GNU General Public License
  15:./tmk_core/common/action_macro.c **** along with this program.  If not, see <http://www.gnu.org/licenses/>.
  16:./tmk_core/common/action_macro.c **** */
  17:./tmk_core/common/action_macro.c **** #include "action.h"
  18:./tmk_core/common/action_macro.c **** #include "action_util.h"
  19:./tmk_core/common/action_macro.c **** #include "action_macro.h"
  20:./tmk_core/common/action_macro.c **** #include "wait.h"
  21:./tmk_core/common/action_macro.c **** 
  22:./tmk_core/common/action_macro.c **** #ifdef DEBUG_ACTION
  23:./tmk_core/common/action_macro.c **** #include "debug.h"
  24:./tmk_core/common/action_macro.c **** #else
  25:./tmk_core/common/action_macro.c **** #include "nodebug.h"
  26:./tmk_core/common/action_macro.c **** #endif
  27:./tmk_core/common/action_macro.c **** 
  28:./tmk_core/common/action_macro.c **** 
  29:./tmk_core/common/action_macro.c **** #ifndef NO_ACTION_MACRO
  30:./tmk_core/common/action_macro.c **** 
  31:./tmk_core/common/action_macro.c **** #define MACRO_READ()  (macro = MACRO_GET(macro_p++))
  32:./tmk_core/common/action_macro.c **** void action_macro_play(const macro_t *macro_p)
  33:./tmk_core/common/action_macro.c **** {
  16               		.loc 1 33 0
  17               		.cfi_startproc
  18               	.LVL0:
  19 0000 EF92      		push r14
  20               	.LCFI0:
  21               		.cfi_def_cfa_offset 3
  22               		.cfi_offset 14, -2
  23 0002 FF92      		push r15
  24               	.LCFI1:
  25               		.cfi_def_cfa_offset 4
  26               		.cfi_offset 15, -3
  27 0004 0F93      		push r16
  28               	.LCFI2:
  29               		.cfi_def_cfa_offset 5
  30               		.cfi_offset 16, -4
  31 0006 1F93      		push r17
  32               	.LCFI3:
  33               		.cfi_def_cfa_offset 6
  34               		.cfi_offset 17, -5
  35 0008 CF93      		push r28
  36               	.LCFI4:
  37               		.cfi_def_cfa_offset 7
  38               		.cfi_offset 28, -6
  39 000a DF93      		push r29
  40               	.LCFI5:
  41               		.cfi_def_cfa_offset 8
  42               		.cfi_offset 29, -7
  43               	/* prologue: function */
  44               	/* frame size = 0 */
  45               	/* stack size = 6 */
  46               	.L__stack_usage = 6
  47 000c FC01      		movw r30,r24
  48               	.LVL1:
  34:./tmk_core/common/action_macro.c ****     macro_t macro = END;
  35:./tmk_core/common/action_macro.c ****     uint8_t interval = 0;
  36:./tmk_core/common/action_macro.c **** 
  37:./tmk_core/common/action_macro.c ****     if (!macro_p) return;
  49               		.loc 1 37 0
  50 000e 0097      		sbiw r24,0
  51 0010 01F4      		brne .+2
  52 0012 00C0      		rjmp .L1
  53 0014 F12C      		mov r15,__zero_reg__
  38:./tmk_core/common/action_macro.c ****     while (true) {
  39:./tmk_core/common/action_macro.c ****         switch (MACRO_READ()) {
  40:./tmk_core/common/action_macro.c ****             case KEY_DOWN:
  41:./tmk_core/common/action_macro.c ****                 MACRO_READ();
  42:./tmk_core/common/action_macro.c ****                 dprintf("KEY_DOWN(%02X)\n", macro);
  43:./tmk_core/common/action_macro.c ****                 if (IS_MOD(macro)) {
  44:./tmk_core/common/action_macro.c ****                     add_macro_mods(MOD_BIT(macro));
  54               		.loc 1 44 0
  55 0016 EE24      		clr r14
  56 0018 E394      		inc r14
  57               	.LVL2:
  58               	.L17:
  59               	.LBB13:
  39:./tmk_core/common/action_macro.c ****             case KEY_DOWN:
  60               		.loc 1 39 0
  61 001a EF01      		movw r28,r30
  62 001c 2196      		adiw r28,1
  63               	.LVL3:
  64               	/* #APP */
  65               	 ;  39 "./tmk_core/common/action_macro.c" 1
  66 001e 8491      		lpm r24, Z
  67               		
  68               	 ;  0 "" 2
  69               	.LVL4:
  70               	/* #NOAPP */
  71               	.LBE13:
  72 0020 8437      		cpi r24,lo8(116)
  73 0022 00F4      		brsh .L3
  74 0024 8430      		cpi r24,lo8(4)
  75 0026 00F0      		brlo .+2
  76 0028 00C0      		rjmp .L4
  77 002a 8130      		cpi r24,lo8(1)
  78 002c 01F0      		breq .L5
  79 002e 8230      		cpi r24,lo8(2)
  80 0030 01F0      		breq .L6
  81 0032 00C0      		rjmp .L1
  82               	.L3:
  83 0034 8537      		cpi r24,lo8(117)
  84 0036 01F4      		brne .+2
  85 0038 00C0      		rjmp .L7
  86 003a 00F0      		brlo .L8
  87 003c 9CE7      		ldi r25,lo8(124)
  88 003e 980F      		add r25,r24
  89 0040 9037      		cpi r25,lo8(112)
  90 0042 00F0      		brlo .+2
  91 0044 00C0      		rjmp .L1
  45:./tmk_core/common/action_macro.c ****                     send_keyboard_report();
  46:./tmk_core/common/action_macro.c ****                 } else {
  47:./tmk_core/common/action_macro.c ****                     register_code(macro);
  48:./tmk_core/common/action_macro.c ****                 }
  49:./tmk_core/common/action_macro.c ****                 break;
  50:./tmk_core/common/action_macro.c ****             case KEY_UP:
  51:./tmk_core/common/action_macro.c ****                 MACRO_READ();
  52:./tmk_core/common/action_macro.c ****                 dprintf("KEY_UP(%02X)\n", macro);
  53:./tmk_core/common/action_macro.c ****                 if (IS_MOD(macro)) {
  54:./tmk_core/common/action_macro.c ****                     del_macro_mods(MOD_BIT(macro));
  55:./tmk_core/common/action_macro.c ****                     send_keyboard_report();
  56:./tmk_core/common/action_macro.c ****                 } else {
  57:./tmk_core/common/action_macro.c ****                     unregister_code(macro);
  58:./tmk_core/common/action_macro.c ****                 }
  59:./tmk_core/common/action_macro.c ****                 break;
  60:./tmk_core/common/action_macro.c ****             case WAIT:
  61:./tmk_core/common/action_macro.c ****                 MACRO_READ();
  62:./tmk_core/common/action_macro.c ****                 dprintf("WAIT(%u)\n", macro);
  63:./tmk_core/common/action_macro.c ****                 { uint8_t ms = macro; while (ms--) wait_ms(1); }
  64:./tmk_core/common/action_macro.c ****                 break;
  65:./tmk_core/common/action_macro.c ****             case INTERVAL:
  66:./tmk_core/common/action_macro.c ****                 interval = MACRO_READ();
  67:./tmk_core/common/action_macro.c ****                 dprintf("INTERVAL(%u)\n", interval);
  68:./tmk_core/common/action_macro.c ****                 break;
  69:./tmk_core/common/action_macro.c ****             case 0x04 ... 0x73:
  70:./tmk_core/common/action_macro.c ****                 dprintf("DOWN(%02X)\n", macro);
  71:./tmk_core/common/action_macro.c ****                 register_code(macro);
  72:./tmk_core/common/action_macro.c ****                 break;
  73:./tmk_core/common/action_macro.c ****             case 0x84 ... 0xF3:
  74:./tmk_core/common/action_macro.c ****                 dprintf("UP(%02X)\n", macro);
  75:./tmk_core/common/action_macro.c ****                 unregister_code(macro&0x7F);
  92               		.loc 1 75 0
  93 0046 8F77      		andi r24,lo8(127)
  94               	.LVL5:
  95 0048 0E94 0000 		call unregister_code
  96               	.LVL6:
  76:./tmk_core/common/action_macro.c ****                 break;
  97               		.loc 1 76 0
  98 004c 00C0      		rjmp .L11
  99               	.LVL7:
 100               	.L5:
 101               	.LBB14:
  41:./tmk_core/common/action_macro.c ****                 dprintf("KEY_DOWN(%02X)\n", macro);
 102               		.loc 1 41 0
 103 004e 8F01      		movw r16,r30
 104 0050 0E5F      		subi r16,-2
 105 0052 1F4F      		sbci r17,-1
 106               	.LVL8:
 107 0054 FE01      		movw r30,r28
 108               	.LVL9:
 109               	/* #APP */
 110               	 ;  41 "./tmk_core/common/action_macro.c" 1
 111 0056 8491      		lpm r24, Z
 112               		
 113               	 ;  0 "" 2
 114               	.LVL10:
 115               	/* #NOAPP */
 116               	.LBE14:
  43:./tmk_core/common/action_macro.c ****                     add_macro_mods(MOD_BIT(macro));
 117               		.loc 1 43 0
 118 0058 90E2      		ldi r25,lo8(32)
 119 005a 980F      		add r25,r24
 120 005c 9830      		cpi r25,lo8(8)
 121 005e 00F4      		brsh .L10
  44:./tmk_core/common/action_macro.c ****                     send_keyboard_report();
 122               		.loc 1 44 0
 123 0060 8770      		andi r24,lo8(7)
 124               	.LVL11:
 125 0062 FE2D      		mov r31,r14
 126 0064 00C0      		rjmp 2f
 127               		1:
 128 0066 FF0F      		lsl r31
 129               		2:
 130 0068 8A95      		dec r24
 131 006a 02F4      		brpl 1b
 132 006c 8F2F      		mov r24,r31
 133 006e 0E94 0000 		call add_macro_mods
 134               	.LVL12:
 135 0072 00C0      		rjmp .L22
 136               	.LVL13:
 137               	.L10:
  47:./tmk_core/common/action_macro.c ****                 }
 138               		.loc 1 47 0
 139 0074 0E94 0000 		call register_code
 140               	.LVL14:
 141 0078 00C0      		rjmp .L23
 142               	.LVL15:
 143               	.L6:
 144               	.LBB15:
  51:./tmk_core/common/action_macro.c ****                 dprintf("KEY_UP(%02X)\n", macro);
 145               		.loc 1 51 0
 146 007a 8F01      		movw r16,r30
 147 007c 0E5F      		subi r16,-2
 148 007e 1F4F      		sbci r17,-1
 149               	.LVL16:
 150 0080 FE01      		movw r30,r28
 151               	.LVL17:
 152               	/* #APP */
 153               	 ;  51 "./tmk_core/common/action_macro.c" 1
 154 0082 8491      		lpm r24, Z
 155               		
 156               	 ;  0 "" 2
 157               	.LVL18:
 158               	/* #NOAPP */
 159               	.LBE15:
  53:./tmk_core/common/action_macro.c ****                     del_macro_mods(MOD_BIT(macro));
 160               		.loc 1 53 0
 161 0084 90E2      		ldi r25,lo8(32)
 162 0086 980F      		add r25,r24
 163 0088 9830      		cpi r25,lo8(8)
 164 008a 00F4      		brsh .L12
  54:./tmk_core/common/action_macro.c ****                     send_keyboard_report();
 165               		.loc 1 54 0
 166 008c 8770      		andi r24,lo8(7)
 167               	.LVL19:
 168 008e FE2D      		mov r31,r14
 169 0090 00C0      		rjmp 2f
 170               		1:
 171 0092 FF0F      		lsl r31
 172               		2:
 173 0094 8A95      		dec r24
 174 0096 02F4      		brpl 1b
 175 0098 8F2F      		mov r24,r31
 176 009a 0E94 0000 		call del_macro_mods
 177               	.LVL20:
 178               	.L22:
  55:./tmk_core/common/action_macro.c ****                 } else {
 179               		.loc 1 55 0
 180 009e 0E94 0000 		call send_keyboard_report
 181               	.LVL21:
 182               	.L23:
 183               	.LBB16:
  51:./tmk_core/common/action_macro.c ****                 dprintf("KEY_UP(%02X)\n", macro);
 184               		.loc 1 51 0
 185 00a2 E801      		movw r28,r16
 186               	.LVL22:
 187               	.LBE16:
 188 00a4 00C0      		rjmp .L11
 189               	.LVL23:
 190               	.L12:
  57:./tmk_core/common/action_macro.c ****                 }
 191               		.loc 1 57 0
 192 00a6 0E94 0000 		call unregister_code
 193               	.LVL24:
 194 00aa 00C0      		rjmp .L23
 195               	.LVL25:
 196               	.L8:
 197               	.LBB17:
  61:./tmk_core/common/action_macro.c ****                 dprintf("WAIT(%u)\n", macro);
 198               		.loc 1 61 0
 199 00ac CF01      		movw r24,r30
 200               	.LVL26:
 201 00ae 0296      		adiw r24,2
 202               	.LVL27:
 203 00b0 FE01      		movw r30,r28
 204               	.LVL28:
 205               	/* #APP */
 206               	 ;  61 "./tmk_core/common/action_macro.c" 1
 207 00b2 C491      		lpm r28, Z
 208               		
 209               	 ;  0 "" 2
 210               	.LVL29:
 211               	/* #NOAPP */
 212               	.L13:
 213               	.LBE17:
 214               	.LBB18:
  63:./tmk_core/common/action_macro.c ****                 break;
 215               		.loc 1 63 0 discriminator 1
 216 00b4 CC23      		tst r28
 217 00b6 01F0      		breq .L24
 218               	.LVL30:
 219               	.LBB19:
 220               	.LBB20:
 221               		.file 2 "c:\\users\\james\\mhv_avr\\avr\\include\\util\\delay.h"
   1:c:\users\james\mhv_avr\avr\include\util\delay.h **** /* Copyright (c) 2002, Marek Michalkiewicz
   2:c:\users\james\mhv_avr\avr\include\util\delay.h ****    Copyright (c) 2004,2005,2007 Joerg Wunsch
   3:c:\users\james\mhv_avr\avr\include\util\delay.h ****    Copyright (c) 2007  Florin-Viorel Petrov
   4:c:\users\james\mhv_avr\avr\include\util\delay.h ****    All rights reserved.
   5:c:\users\james\mhv_avr\avr\include\util\delay.h **** 
   6:c:\users\james\mhv_avr\avr\include\util\delay.h ****    Redistribution and use in source and binary forms, with or without
   7:c:\users\james\mhv_avr\avr\include\util\delay.h ****    modification, are permitted provided that the following conditions are met:
   8:c:\users\james\mhv_avr\avr\include\util\delay.h **** 
   9:c:\users\james\mhv_avr\avr\include\util\delay.h ****    * Redistributions of source code must retain the above copyright
  10:c:\users\james\mhv_avr\avr\include\util\delay.h ****      notice, this list of conditions and the following disclaimer.
  11:c:\users\james\mhv_avr\avr\include\util\delay.h **** 
  12:c:\users\james\mhv_avr\avr\include\util\delay.h ****    * Redistributions in binary form must reproduce the above copyright
  13:c:\users\james\mhv_avr\avr\include\util\delay.h ****      notice, this list of conditions and the following disclaimer in
  14:c:\users\james\mhv_avr\avr\include\util\delay.h ****      the documentation and/or other materials provided with the
  15:c:\users\james\mhv_avr\avr\include\util\delay.h ****      distribution.
  16:c:\users\james\mhv_avr\avr\include\util\delay.h **** 
  17:c:\users\james\mhv_avr\avr\include\util\delay.h ****    * Neither the name of the copyright holders nor the names of
  18:c:\users\james\mhv_avr\avr\include\util\delay.h ****      contributors may be used to endorse or promote products derived
  19:c:\users\james\mhv_avr\avr\include\util\delay.h ****      from this software without specific prior written permission.
  20:c:\users\james\mhv_avr\avr\include\util\delay.h **** 
  21:c:\users\james\mhv_avr\avr\include\util\delay.h ****   THIS SOFTWARE IS PROVIDED BY THE COPYRIGHT HOLDERS AND CONTRIBUTORS "AS IS"
  22:c:\users\james\mhv_avr\avr\include\util\delay.h ****   AND ANY EXPRESS OR IMPLIED WARRANTIES, INCLUDING, BUT NOT LIMITED TO, THE
  23:c:\users\james\mhv_avr\avr\include\util\delay.h ****   IMPLIED WARRANTIES OF MERCHANTABILITY AND FITNESS FOR A PARTICULAR PURPOSE
  24:c:\users\james\mhv_avr\avr\include\util\delay.h ****   ARE DISCLAIMED. IN NO EVENT SHALL THE COPYRIGHT OWNER OR CONTRIBUTORS BE
  25:c:\users\james\mhv_avr\avr\include\util\delay.h ****   LIABLE FOR ANY DIRECT, INDIRECT, INCIDENTAL, SPECIAL, EXEMPLARY, OR
  26:c:\users\james\mhv_avr\avr\include\util\delay.h ****   CONSEQUENTIAL DAMAGES (INCLUDING, BUT NOT LIMITED TO, PROCUREMENT OF
  27:c:\users\james\mhv_avr\avr\include\util\delay.h ****   SUBSTITUTE GOODS OR SERVICES; LOSS OF USE, DATA, OR PROFITS; OR BUSINESS
  28:c:\users\james\mhv_avr\avr\include\util\delay.h ****   INTERRUPTION) HOWEVER CAUSED AND ON ANY THEORY OF LIABILITY, WHETHER IN
  29:c:\users\james\mhv_avr\avr\include\util\delay.h ****   CONTRACT, STRICT LIABILITY, OR TORT (INCLUDING NEGLIGENCE OR OTHERWISE)
  30:c:\users\james\mhv_avr\avr\include\util\delay.h ****   ARISING IN ANY WAY OUT OF THE USE OF THIS SOFTWARE, EVEN IF ADVISED OF THE
  31:c:\users\james\mhv_avr\avr\include\util\delay.h ****   POSSIBILITY OF SUCH DAMAGE. */
  32:c:\users\james\mhv_avr\avr\include\util\delay.h **** 
  33:c:\users\james\mhv_avr\avr\include\util\delay.h **** /* $Id: delay.h.in 2385 2013-05-03 13:14:20Z joerg_wunsch $ */
  34:c:\users\james\mhv_avr\avr\include\util\delay.h **** 
  35:c:\users\james\mhv_avr\avr\include\util\delay.h **** #ifndef _UTIL_DELAY_H_
  36:c:\users\james\mhv_avr\avr\include\util\delay.h **** #define _UTIL_DELAY_H_ 1
  37:c:\users\james\mhv_avr\avr\include\util\delay.h **** 
  38:c:\users\james\mhv_avr\avr\include\util\delay.h **** #ifndef __HAS_DELAY_CYCLES
  39:c:\users\james\mhv_avr\avr\include\util\delay.h **** #define __HAS_DELAY_CYCLES 1
  40:c:\users\james\mhv_avr\avr\include\util\delay.h **** #endif
  41:c:\users\james\mhv_avr\avr\include\util\delay.h **** 
  42:c:\users\james\mhv_avr\avr\include\util\delay.h **** #include <inttypes.h>
  43:c:\users\james\mhv_avr\avr\include\util\delay.h **** #include <util/delay_basic.h>
  44:c:\users\james\mhv_avr\avr\include\util\delay.h **** #include <math.h>
  45:c:\users\james\mhv_avr\avr\include\util\delay.h **** 
  46:c:\users\james\mhv_avr\avr\include\util\delay.h **** /** \file */
  47:c:\users\james\mhv_avr\avr\include\util\delay.h **** /** \defgroup util_delay <util/delay.h>: Convenience functions for busy-wait delay loops
  48:c:\users\james\mhv_avr\avr\include\util\delay.h ****     \code
  49:c:\users\james\mhv_avr\avr\include\util\delay.h ****     #define F_CPU 1000000UL  // 1 MHz
  50:c:\users\james\mhv_avr\avr\include\util\delay.h ****     //#define F_CPU 14.7456E6
  51:c:\users\james\mhv_avr\avr\include\util\delay.h ****     #include <util/delay.h>
  52:c:\users\james\mhv_avr\avr\include\util\delay.h ****     \endcode
  53:c:\users\james\mhv_avr\avr\include\util\delay.h **** 
  54:c:\users\james\mhv_avr\avr\include\util\delay.h ****     \note As an alternative method, it is possible to pass the
  55:c:\users\james\mhv_avr\avr\include\util\delay.h ****     F_CPU macro down to the compiler from the Makefile.
  56:c:\users\james\mhv_avr\avr\include\util\delay.h ****     Obviously, in that case, no \c \#define statement should be
  57:c:\users\james\mhv_avr\avr\include\util\delay.h ****     used.
  58:c:\users\james\mhv_avr\avr\include\util\delay.h **** 
  59:c:\users\james\mhv_avr\avr\include\util\delay.h ****     The functions in this header file are wrappers around the basic
  60:c:\users\james\mhv_avr\avr\include\util\delay.h ****     busy-wait functions from <util/delay_basic.h>.  They are meant as
  61:c:\users\james\mhv_avr\avr\include\util\delay.h ****     convenience functions where actual time values can be specified
  62:c:\users\james\mhv_avr\avr\include\util\delay.h ****     rather than a number of cycles to wait for.  The idea behind is
  63:c:\users\james\mhv_avr\avr\include\util\delay.h ****     that compile-time constant expressions will be eliminated by
  64:c:\users\james\mhv_avr\avr\include\util\delay.h ****     compiler optimization so floating-point expressions can be used
  65:c:\users\james\mhv_avr\avr\include\util\delay.h ****     to calculate the number of delay cycles needed based on the CPU
  66:c:\users\james\mhv_avr\avr\include\util\delay.h ****     frequency passed by the macro F_CPU.
  67:c:\users\james\mhv_avr\avr\include\util\delay.h **** 
  68:c:\users\james\mhv_avr\avr\include\util\delay.h ****     \note In order for these functions to work as intended, compiler
  69:c:\users\james\mhv_avr\avr\include\util\delay.h ****     optimizations <em>must</em> be enabled, and the delay time
  70:c:\users\james\mhv_avr\avr\include\util\delay.h ****     <em>must</em> be an expression that is a known constant at
  71:c:\users\james\mhv_avr\avr\include\util\delay.h ****     compile-time.  If these requirements are not met, the resulting
  72:c:\users\james\mhv_avr\avr\include\util\delay.h ****     delay will be much longer (and basically unpredictable), and
  73:c:\users\james\mhv_avr\avr\include\util\delay.h ****     applications that otherwise do not use floating-point calculations
  74:c:\users\james\mhv_avr\avr\include\util\delay.h ****     will experience severe code bloat by the floating-point library
  75:c:\users\james\mhv_avr\avr\include\util\delay.h ****     routines linked into the application.
  76:c:\users\james\mhv_avr\avr\include\util\delay.h **** 
  77:c:\users\james\mhv_avr\avr\include\util\delay.h ****     The functions available allow the specification of microsecond, and
  78:c:\users\james\mhv_avr\avr\include\util\delay.h ****     millisecond delays directly, using the application-supplied macro
  79:c:\users\james\mhv_avr\avr\include\util\delay.h ****     F_CPU as the CPU clock frequency (in Hertz).
  80:c:\users\james\mhv_avr\avr\include\util\delay.h **** 
  81:c:\users\james\mhv_avr\avr\include\util\delay.h **** */
  82:c:\users\james\mhv_avr\avr\include\util\delay.h **** 
  83:c:\users\james\mhv_avr\avr\include\util\delay.h **** #if !defined(__DOXYGEN__)
  84:c:\users\james\mhv_avr\avr\include\util\delay.h **** static inline void _delay_us(double __us) __attribute__((always_inline));
  85:c:\users\james\mhv_avr\avr\include\util\delay.h **** static inline void _delay_ms(double __ms) __attribute__((always_inline));
  86:c:\users\james\mhv_avr\avr\include\util\delay.h **** #endif
  87:c:\users\james\mhv_avr\avr\include\util\delay.h **** 
  88:c:\users\james\mhv_avr\avr\include\util\delay.h **** #ifndef F_CPU
  89:c:\users\james\mhv_avr\avr\include\util\delay.h **** /* prevent compiler error by supplying a default */
  90:c:\users\james\mhv_avr\avr\include\util\delay.h **** # warning "F_CPU not defined for <util/delay.h>"
  91:c:\users\james\mhv_avr\avr\include\util\delay.h **** # define F_CPU 1000000UL
  92:c:\users\james\mhv_avr\avr\include\util\delay.h **** #endif
  93:c:\users\james\mhv_avr\avr\include\util\delay.h **** 
  94:c:\users\james\mhv_avr\avr\include\util\delay.h **** #ifndef __OPTIMIZE__
  95:c:\users\james\mhv_avr\avr\include\util\delay.h **** # warning "Compiler optimizations disabled; functions from <util/delay.h> won't work as designed"
  96:c:\users\james\mhv_avr\avr\include\util\delay.h **** #endif
  97:c:\users\james\mhv_avr\avr\include\util\delay.h **** 
  98:c:\users\james\mhv_avr\avr\include\util\delay.h **** #if __HAS_DELAY_CYCLES && defined(__OPTIMIZE__) && \
  99:c:\users\james\mhv_avr\avr\include\util\delay.h ****   !defined(__DELAY_BACKWARD_COMPATIBLE__) &&	   \
 100:c:\users\james\mhv_avr\avr\include\util\delay.h ****   __STDC_HOSTED__
 101:c:\users\james\mhv_avr\avr\include\util\delay.h **** #  include <math.h>
 102:c:\users\james\mhv_avr\avr\include\util\delay.h **** #endif
 103:c:\users\james\mhv_avr\avr\include\util\delay.h **** 
 104:c:\users\james\mhv_avr\avr\include\util\delay.h **** /**
 105:c:\users\james\mhv_avr\avr\include\util\delay.h ****    \ingroup util_delay
 106:c:\users\james\mhv_avr\avr\include\util\delay.h **** 
 107:c:\users\james\mhv_avr\avr\include\util\delay.h ****    Perform a delay of \c __ms milliseconds, using _delay_loop_2().
 108:c:\users\james\mhv_avr\avr\include\util\delay.h **** 
 109:c:\users\james\mhv_avr\avr\include\util\delay.h ****    The macro F_CPU is supposed to be defined to a
 110:c:\users\james\mhv_avr\avr\include\util\delay.h ****    constant defining the CPU clock frequency (in Hertz).
 111:c:\users\james\mhv_avr\avr\include\util\delay.h **** 
 112:c:\users\james\mhv_avr\avr\include\util\delay.h ****    The maximal possible delay is 262.14 ms / F_CPU in MHz.
 113:c:\users\james\mhv_avr\avr\include\util\delay.h **** 
 114:c:\users\james\mhv_avr\avr\include\util\delay.h ****    When the user request delay which exceed the maximum possible one,
 115:c:\users\james\mhv_avr\avr\include\util\delay.h ****    _delay_ms() provides a decreased resolution functionality. In this
 116:c:\users\james\mhv_avr\avr\include\util\delay.h ****    mode _delay_ms() will work with a resolution of 1/10 ms, providing
 117:c:\users\james\mhv_avr\avr\include\util\delay.h ****    delays up to 6.5535 seconds (independent from CPU frequency).  The
 118:c:\users\james\mhv_avr\avr\include\util\delay.h ****    user will not be informed about decreased resolution.
 119:c:\users\james\mhv_avr\avr\include\util\delay.h **** 
 120:c:\users\james\mhv_avr\avr\include\util\delay.h ****    If the avr-gcc toolchain has __builtin_avr_delay_cycles(unsigned long)
 121:c:\users\james\mhv_avr\avr\include\util\delay.h ****    support, maximal possible delay is 4294967.295 ms/ F_CPU in MHz. For
 122:c:\users\james\mhv_avr\avr\include\util\delay.h ****    values greater than the maximal possible delay, overflows results in
 123:c:\users\james\mhv_avr\avr\include\util\delay.h ****    no delay i.e., 0ms.
 124:c:\users\james\mhv_avr\avr\include\util\delay.h **** 
 125:c:\users\james\mhv_avr\avr\include\util\delay.h ****    Conversion of __us into clock cycles may not always result in integer.
 126:c:\users\james\mhv_avr\avr\include\util\delay.h ****    By default, the clock cycles rounded up to next integer. This ensures that
 127:c:\users\james\mhv_avr\avr\include\util\delay.h ****    the user gets atleast __us microseconds of delay.
 128:c:\users\james\mhv_avr\avr\include\util\delay.h **** 
 129:c:\users\james\mhv_avr\avr\include\util\delay.h ****    Alternatively, user can define __DELAY_ROUND_DOWN__ and __DELAY_ROUND_CLOSEST__
 130:c:\users\james\mhv_avr\avr\include\util\delay.h ****    to round down and round to closest integer.
 131:c:\users\james\mhv_avr\avr\include\util\delay.h **** 
 132:c:\users\james\mhv_avr\avr\include\util\delay.h ****    Note: The new implementation of _delay_ms(double __ms) with 
 133:c:\users\james\mhv_avr\avr\include\util\delay.h ****     __builtin_avr_delay_cycles(unsigned long) support is not backward compatible. 
 134:c:\users\james\mhv_avr\avr\include\util\delay.h ****    User can define __DELAY_BACKWARD_COMPATIBLE__ to get a backward compatible delay.
 135:c:\users\james\mhv_avr\avr\include\util\delay.h ****    Also, the backward compatible
 136:c:\users\james\mhv_avr\avr\include\util\delay.h ****    algorithm will be chosen if the code is compiled in a <em>freestanding
 137:c:\users\james\mhv_avr\avr\include\util\delay.h ****    environment</em> (GCC option \c -ffreestanding), as the math functions
 138:c:\users\james\mhv_avr\avr\include\util\delay.h ****    required for rounding are not available to the compiler then.
 139:c:\users\james\mhv_avr\avr\include\util\delay.h **** 
 140:c:\users\james\mhv_avr\avr\include\util\delay.h ****  */
 141:c:\users\james\mhv_avr\avr\include\util\delay.h **** void
 142:c:\users\james\mhv_avr\avr\include\util\delay.h **** _delay_ms(double __ms)
 143:c:\users\james\mhv_avr\avr\include\util\delay.h **** {
 144:c:\users\james\mhv_avr\avr\include\util\delay.h **** 	double __tmp ; 
 145:c:\users\james\mhv_avr\avr\include\util\delay.h **** #if __HAS_DELAY_CYCLES && defined(__OPTIMIZE__) && \
 146:c:\users\james\mhv_avr\avr\include\util\delay.h ****   !defined(__DELAY_BACKWARD_COMPATIBLE__) &&	   \
 147:c:\users\james\mhv_avr\avr\include\util\delay.h ****   __STDC_HOSTED__
 148:c:\users\james\mhv_avr\avr\include\util\delay.h **** 	uint32_t __ticks_dc;
 149:c:\users\james\mhv_avr\avr\include\util\delay.h **** 	extern void __builtin_avr_delay_cycles(unsigned long);
 150:c:\users\james\mhv_avr\avr\include\util\delay.h **** 	__tmp = ((F_CPU) / 1e3) * __ms;
 151:c:\users\james\mhv_avr\avr\include\util\delay.h **** 
 152:c:\users\james\mhv_avr\avr\include\util\delay.h **** 	#if defined(__DELAY_ROUND_DOWN__)
 153:c:\users\james\mhv_avr\avr\include\util\delay.h **** 		__ticks_dc = (uint32_t)fabs(__tmp);
 154:c:\users\james\mhv_avr\avr\include\util\delay.h **** 
 155:c:\users\james\mhv_avr\avr\include\util\delay.h **** 	#elif defined(__DELAY_ROUND_CLOSEST__)
 156:c:\users\james\mhv_avr\avr\include\util\delay.h **** 		__ticks_dc = (uint32_t)(fabs(__tmp)+0.5);
 157:c:\users\james\mhv_avr\avr\include\util\delay.h **** 
 158:c:\users\james\mhv_avr\avr\include\util\delay.h **** 	#else
 159:c:\users\james\mhv_avr\avr\include\util\delay.h **** 		//round up by default
 160:c:\users\james\mhv_avr\avr\include\util\delay.h **** 		__ticks_dc = (uint32_t)(ceil(fabs(__tmp)));
 161:c:\users\james\mhv_avr\avr\include\util\delay.h **** 	#endif
 162:c:\users\james\mhv_avr\avr\include\util\delay.h **** 
 163:c:\users\james\mhv_avr\avr\include\util\delay.h **** 	__builtin_avr_delay_cycles(__ticks_dc);
 222               		.loc 2 163 0
 223 00b8 EFE9      		ldi r30,lo8(3999)
 224 00ba FFE0      		ldi r31,hi8(3999)
 225 00bc 3197      		1: sbiw r30,1
 226 00be 01F4      		brne 1b
 227 00c0 00C0      		rjmp .
 228 00c2 0000      		nop
 229 00c4 C150      		subi r28,lo8(-(-1))
 230               	.LVL31:
 231 00c6 00C0      		rjmp .L13
 232               	.LVL32:
 233               	.L7:
 234               	.LBE20:
 235               	.LBE19:
 236               	.LBE18:
 237               	.LBB21:
  66:./tmk_core/common/action_macro.c ****                 dprintf("INTERVAL(%u)\n", interval);
 238               		.loc 1 66 0
 239 00c8 CF01      		movw r24,r30
 240               	.LVL33:
 241 00ca 0296      		adiw r24,2
 242               	.LVL34:
 243 00cc FE01      		movw r30,r28
 244               	.LVL35:
 245               	/* #APP */
 246               	 ;  66 "./tmk_core/common/action_macro.c" 1
 247 00ce F490      		lpm r15, Z
 248               		
 249               	 ;  0 "" 2
 250               	.LVL36:
 251               	/* #NOAPP */
 252               	.L24:
 253 00d0 EC01      		movw r28,r24
 254               	.LBE21:
  68:./tmk_core/common/action_macro.c ****             case 0x04 ... 0x73:
 255               		.loc 1 68 0
 256 00d2 00C0      		rjmp .L11
 257               	.LVL37:
 258               	.L4:
  71:./tmk_core/common/action_macro.c ****                 break;
 259               		.loc 1 71 0
 260 00d4 0E94 0000 		call register_code
 261               	.LVL38:
 262               	.L11:
 263               	.LBB22:
  77:./tmk_core/common/action_macro.c ****             case END:
  78:./tmk_core/common/action_macro.c ****             default:
  79:./tmk_core/common/action_macro.c ****                 return;
  80:./tmk_core/common/action_macro.c ****         }
  81:./tmk_core/common/action_macro.c ****         // interval
  82:./tmk_core/common/action_macro.c ****         { uint8_t ms = interval; while (ms--) wait_ms(1); }
 264               		.loc 1 82 0
 265 00d8 8F2D      		mov r24,r15
 266               	.LVL39:
 267               	.L15:
 268               		.loc 1 82 0 is_stmt 0 discriminator 1
 269 00da 8823      		tst r24
 270 00dc 01F0      		breq .L26
 271               	.LVL40:
 272               	.LBB23:
 273               	.LBB24:
 274               		.loc 2 163 0 is_stmt 1
 275 00de EFE9      		ldi r30,lo8(3999)
 276 00e0 FFE0      		ldi r31,hi8(3999)
 277 00e2 3197      		1: sbiw r30,1
 278 00e4 01F4      		brne 1b
 279 00e6 00C0      		rjmp .
 280 00e8 0000      		nop
 281 00ea 8150      		subi r24,lo8(-(-1))
 282               	.LVL41:
 283 00ec 00C0      		rjmp .L15
 284               	.LVL42:
 285               	.L26:
 286               	.LBE24:
 287               	.LBE23:
 288               		.loc 1 82 0
 289 00ee FE01      		movw r30,r28
 290 00f0 00C0      		rjmp .L17
 291               	.LVL43:
 292               	.L1:
 293               	/* epilogue start */
 294               	.LBE22:
  83:./tmk_core/common/action_macro.c ****     }
  84:./tmk_core/common/action_macro.c **** }
 295               		.loc 1 84 0
 296 00f2 DF91      		pop r29
 297 00f4 CF91      		pop r28
 298 00f6 1F91      		pop r17
 299 00f8 0F91      		pop r16
 300 00fa FF90      		pop r15
 301 00fc EF90      		pop r14
 302 00fe 0895      		ret
 303               		.cfi_endproc
 304               	.LFE103:
 306               		.text
 307               	.Letext0:
 308               		.file 3 "c:\\users\\james\\mhv_avr\\avr\\include\\stdint.h"
 309               		.file 4 "./tmk_core/common/action_macro.h"
 310               		.file 5 "./tmk_core/common/keycode.h"
 311               		.file 6 "./tmk_core/common/action.h"
 312               		.file 7 "./tmk_core/common/action_util.h"
 313               		.file 8 "./tmk_core/protocol/lufa/LUFA-git/LUFA/Drivers/USB/Core/USBTask.h"
DEFINED SYMBOLS
                            *ABS*:00000000 action_macro.c
C:\Users\James\AppData\Local\Temp\ccO8t5aC.s:2      *ABS*:0000003e __SP_H__
C:\Users\James\AppData\Local\Temp\ccO8t5aC.s:3      *ABS*:0000003d __SP_L__
C:\Users\James\AppData\Local\Temp\ccO8t5aC.s:4      *ABS*:0000003f __SREG__
C:\Users\James\AppData\Local\Temp\ccO8t5aC.s:5      *ABS*:00000000 __tmp_reg__
C:\Users\James\AppData\Local\Temp\ccO8t5aC.s:6      *ABS*:00000001 __zero_reg__
C:\Users\James\AppData\Local\Temp\ccO8t5aC.s:13     .text.action_macro_play:00000000 action_macro_play

UNDEFINED SYMBOLS
unregister_code
add_macro_mods
register_code
del_macro_mods
send_keyboard_report
